\BOOKMARK [0][-]{contents.0}{\376\377\000\315\000n\000d\000i\000c\000e\000\040\000g\000e\000n\000e\000r\000a\000l}{}% 1
\BOOKMARK [0][-]{chapter*.2}{\376\377\000\315\000n\000d\000i\000c\000e\000\040\000d\000e\000\040\000f\000i\000g\000u\000r\000a\000s}{}% 2
\BOOKMARK [0][-]{chapter*.3}{\376\377\000\315\000n\000d\000i\000c\000e\000\040\000d\000e\000\040\000t\000a\000b\000l\000a\000s}{}% 3
\BOOKMARK [0][-]{chapter*.4}{\376\377\000R\000e\000s\000u\000m\000e\000n}{}% 4
\BOOKMARK [0][-]{chapter*.5}{\376\377\000A\000b\000s\000t\000r\000a\000c\000t}{}% 5
\BOOKMARK [0][-]{chapter.1}{\376\377\000I\000n\000t\000r\000o\000d\000u\000c\000c\000i\000\363\000n}{}% 6
\BOOKMARK [1][-]{section.1.1}{\376\377\000P\000l\000a\000n\000t\000e\000a\000m\000i\000e\000n\000t\000o\000\040\000d\000e\000l\000\040\000p\000r\000o\000b\000l\000e\000m\000a}{chapter.1}% 7
\BOOKMARK [1][-]{section.1.2}{\376\377\000J\000u\000s\000t\000i\000f\000i\000c\000a\000c\000i\000\363\000n}{chapter.1}% 8
\BOOKMARK [1][-]{section.1.3}{\376\377\000O\000b\000j\000e\000t\000i\000v\000o\000s}{chapter.1}% 9
\BOOKMARK [1][-]{section.1.4}{\376\377\000A\000l\000c\000a\000n\000c\000e}{chapter.1}% 10
\BOOKMARK [1][-]{section.1.5}{\376\377\000E\000s\000t\000r\000u\000c\000t\000u\000r\000a\000\040\000d\000e\000l\000\040\000d\000o\000c\000u\000m\000e\000n\000t\000o}{chapter.1}% 11
\BOOKMARK [0][-]{chapter.2}{\376\377\000E\000s\000t\000a\000d\000o\000\040\000d\000e\000l\000\040\000A\000r\000t\000e}{}% 12
\BOOKMARK [1][-]{section.2.1}{\376\377\000V\000A\000E\000:\000\040\000V\000a\000r\000i\000a\000t\000i\000o\000n\000a\000l\000\040\000A\000u\000t\000o\000\040\000E\000n\000c\000o\000d\000e\000r\000s\000.\000\040\000A\000u\000t\000o\000e\000n\000c\000o\000d\000e\000\040\000V\000a\000r\000i\000a\000c\000i\000o\000n\000a\000l}{chapter.2}% 13
\BOOKMARK [1][-]{section.2.2}{\376\377\000G\000A\000N\000S\000:\000\040\000G\000e\000n\000e\000r\000a\000t\000i\000v\000e\000\040\000A\000d\000v\000e\000r\000s\000a\000r\000i\000a\000l\000\040\000N\000e\000t\000w\000o\000r\000k\000s\000.\000\040\000R\000e\000d\000e\000s\000\040\000G\000e\000n\000e\000r\000a\000t\000i\000v\000a\000s\000\040\000A\000d\000v\000e\000r\000s\000a\000r\000i\000a\000l\000e\000s\000.}{chapter.2}% 14
\BOOKMARK [1][-]{section.2.3}{\376\377\000C\000o\000h\000e\000r\000e\000n\000c\000i\000a\000\040\000m\000u\000s\000i\000c\000a\000l\000\040\000y\000\040\000m\000e\000m\000o\000r\000i\000a\000\040\000n\000e\000u\000r\000o\000n\000a\000l}{chapter.2}% 15
\BOOKMARK [1][-]{section.2.4}{\376\377\000E\000x\000p\000l\000o\000r\000a\000n\000d\000o\000\040\000l\000o\000s\000\040\000e\000j\000e\000m\000p\000l\000o\000s\000\040\000d\000e\000l\000\040\000e\000s\000t\000a\000d\000o\000\040\000d\000e\000l\000\040\000a\000r\000t\000e}{chapter.2}% 16
\BOOKMARK [0][-]{chapter.3}{\376\377\000M\000a\000r\000c\000o\000\040\000t\000e\000\363\000r\000i\000c\000o}{}% 17
\BOOKMARK [1][-]{section.3.1}{\376\377\000D\000e\000l\000\040\000s\000o\000n\000i\000d\000o\000\040\000a\000\040\000l\000o\000s\000\040\000b\000y\000t\000e\000s\000:\000\040\000p\000r\000o\000c\000e\000s\000o\000\040\000d\000e\000\040\000c\000a\000p\000t\000a\000c\000i\000\363\000n\000,\000\040\000t\000r\000a\000n\000s\000f\000o\000r\000m\000a\000c\000i\000\363\000n\000\040\000y\000\040\000d\000i\000s\000c\000r\000e\000t\000i\000z\000a\000c\000i\000\363\000n}{chapter.3}% 18
\BOOKMARK [2][-]{subsection.3.1.1}{\376\377\000L\000a\000\040\000n\000a\000t\000u\000r\000a\000l\000e\000z\000a\000\040\000d\000e\000l\000\040\000S\000o\000n\000i\000d\000o}{section.3.1}% 19
\BOOKMARK [2][-]{subsection.3.1.2}{\376\377\000C\000a\000p\000t\000u\000r\000a\000\040\000d\000e\000l\000\040\000S\000o\000n\000i\000d\000o}{section.3.1}% 20
\BOOKMARK [2][-]{subsection.3.1.3}{\376\377\000M\000u\000e\000s\000t\000r\000e\000o}{section.3.1}% 21
\BOOKMARK [1][-]{section.3.2}{\376\377\000F\000r\000e\000c\000u\000e\000n\000c\000i\000a\000\040\000d\000e\000\040\000M\000u\000e\000s\000t\000r\000e\000o}{chapter.3}% 22
\BOOKMARK [2][-]{subsection.3.2.1}{\376\377\000C\000u\000a\000n\000t\000i\000z\000a\000c\000i\000\363\000n\000:\000\040\000R\000e\000p\000r\000e\000s\000e\000n\000t\000a\000c\000i\000\363\000n\000\040\000N\000u\000m\000\351\000r\000i\000c\000a\000\040\000d\000e\000\040\000l\000a\000s\000\040\000M\000u\000e\000s\000t\000r\000a\000s}{section.3.2}% 23
\BOOKMARK [2][-]{subsection.3.2.2}{\376\377\000A\000l\000i\000a\000s\000\040\000y\000\040\000p\000\351\000r\000d\000i\000d\000a\000\040\000d\000e\000\040\000i\000n\000f\000o\000r\000m\000a\000c\000i\000\363\000n}{section.3.2}% 24
\BOOKMARK [2][-]{subsection.3.2.3}{\376\377\000A\000p\000l\000i\000c\000a\000c\000i\000o\000n\000e\000s\000\040\000d\000e\000l\000\040\000M\000u\000e\000s\000t\000r\000e\000o}{section.3.2}% 25
\BOOKMARK [2][-]{subsection.3.2.4}{\376\377\000P\000e\000r\000c\000e\000p\000c\000i\000\363\000n\000\040\000A\000u\000d\000i\000t\000i\000v\000a\000\040\000y\000\040\000F\000r\000e\000c\000u\000e\000n\000c\000i\000a\000\040\000d\000e\000\040\000M\000u\000e\000s\000t\000r\000e\000o}{section.3.2}% 26
\BOOKMARK [2][-]{subsection.3.2.5}{\376\377\000R\000e\000c\000o\000n\000s\000t\000r\000u\000c\000c\000i\000\363\000n\000\040\000d\000e\000l\000\040\000S\000o\000n\000i\000d\000o\000\040\000D\000i\000g\000i\000t\000a\000l\000i\000z\000a\000d\000o}{section.3.2}% 27
\BOOKMARK [1][-]{section.3.3}{\376\377\000M\000P\0003\000:\000\040\000u\000n\000\040\000f\000o\000r\000m\000a\000t\000o\000\040\000r\000e\000d\000u\000c\000i\000d\000o}{chapter.3}% 28
\BOOKMARK [2][-]{subsection.3.3.1}{\376\377\000C\000o\000d\000i\000f\000i\000c\000a\000c\000i\000\363\000n\000\040\000y\000\040\000f\000o\000r\000m\000a\000t\000o\000s\000\040\000d\000e\000\040\000a\000u\000d\000i\000o}{section.3.3}% 29
\BOOKMARK [1][-]{section.3.4}{\376\377\000B\000i\000t\000r\000a\000t\000e\000:\000\040\000D\000e\000f\000i\000n\000i\000c\000i\000\363\000n\000\040\000y\000\040\000s\000u\000\040\000i\000m\000p\000a\000c\000t\000o\000\040\000e\000n\000\040\000l\000a\000\040\000c\000a\000l\000i\000d\000a\000d\000\040\000d\000e\000l\000\040\000M\000P\0003}{chapter.3}% 30
\BOOKMARK [2][-]{subsection.3.4.1}{\376\377\000\277\000Q\000u\000\351\000\040\000e\000s\000\040\000e\000l\000\040\000b\000i\000t\000r\000a\000t\000e\000?}{section.3.4}% 31
\BOOKMARK [2][-]{subsection.3.4.2}{\376\377\000B\000i\000t\000r\000a\000t\000e\000s\000\040\000m\000\341\000s\000\040\000c\000o\000m\000u\000n\000e\000s\000\040\000e\000n\000\040\000M\000P\0003\000\040\000y\000\040\000s\000u\000\040\000c\000a\000l\000i\000d\000a\000d\000\040\000p\000e\000r\000c\000i\000b\000i\000d\000a}{section.3.4}% 32
\BOOKMARK [2][-]{subsection.3.4.3}{\376\377\000\277\000C\000u\000\341\000l\000\040\000e\000s\000\040\000u\000n\000\040\000b\000i\000t\000r\000a\000t\000e\000\040\000a\000d\000e\000c\000u\000a\000d\000o\000?}{section.3.4}% 33
\BOOKMARK [2][-]{subsection.3.4.4}{\376\377\000E\000f\000e\000c\000t\000o\000s\000\040\000d\000e\000\040\000u\000n\000\040\000b\000i\000t\000r\000a\000t\000e\000\040\000b\000a\000j\000o\000\040\000e\000n\000\040\000l\000a\000\040\000c\000a\000l\000i\000d\000a\000d\000\040\000d\000e\000l\000\040\000a\000u\000d\000i\000o}{section.3.4}% 34
\BOOKMARK [1][-]{section.3.5}{\376\377\000D\000e\000\040\000l\000o\000s\000\040\000d\000a\000t\000o\000s\000\040\000a\000\040\000l\000a\000\040\000i\000n\000f\000o\000r\000m\000a\000c\000i\000\363\000n}{chapter.3}% 35
\BOOKMARK [2][-]{subsection.3.5.1}{\376\377\000T\000r\000a\000t\000a\000m\000i\000e\000n\000t\000o\000\040\000d\000e\000\040\000l\000o\000s\000\040\000d\000a\000t\000o\000s}{section.3.5}% 36
\BOOKMARK [2][-]{subsection.3.5.2}{\376\377\000A\000p\000r\000e\000n\000d\000i\000e\000n\000d\000o\000\040\000s\000o\000b\000r\000e\000\040\000g\000\351\000n\000e\000r\000o\000s\000\040\000m\000u\000s\000i\000c\000a\000l\000e\000s}{section.3.5}% 37
\BOOKMARK [2][-]{subsection.3.5.3}{\376\377\000V\000a\000r\000i\000a\000t\000i\000o\000n\000a\000l\000\040\000A\000u\000t\000o\000e\000n\000c\000o\000d\000e\000r\000s\000\040\000\050\000V\000A\000E\000\051}{section.3.5}% 38
\BOOKMARK [2][-]{subsection.3.5.4}{\376\377\000G\000A\000N\000s\000\040\000-\000\040\000T\000r\000a\000n\000s\000f\000o\000r\000m\000e\000r\000s}{section.3.5}% 39
\BOOKMARK [2][-]{subsection.3.5.5}{\376\377\000P\000o\000n\000i\000e\000n\000d\000o\000\040\000a\000\040\000p\000r\000u\000e\000b\000a\000\040\000l\000a\000s\000\040\000h\000a\000b\000i\000l\000i\000d\000a\000d\000e\000s\000\040\000m\000u\000s\000i\000c\000a\000l\000e\000s}{section.3.5}% 40
\BOOKMARK [2][-]{subsection.3.5.6}{\376\377\000V\000A\000E}{section.3.5}% 41
\BOOKMARK [2][-]{subsection.3.5.7}{\376\377\000G\000A\000N\000s\000\040\000-\000\040\000T\000r\000a\000n\000s\000f\000o\000r\000m\000e\000r\000s}{section.3.5}% 42
\BOOKMARK [2][-]{subsection.3.5.8}{\376\377\000C\000o\000m\000p\000a\000r\000a\000t\000i\000v\000a\000\040\000V\000A\000E\000\040\000-\000\040\000G\000A\000N\000s\000+\000T\000r\000a\000n\000s\000f\000o\000r\000m\000e\000r\000s\000\040\000p\000a\000r\000a\000\040\000l\000a\000\040\000g\000e\000n\000e\000r\000a\000c\000i\000\363\000n\000\040\000m\000u\000s\000i\000c\000a\000l\000\040\000d\000e\000s\000d\000e\000\040\000e\000s\000p\000e\000c\000t\000r\000o\000g\000r\000a\000m\000a\000s}{section.3.5}% 43
\BOOKMARK [0][-]{chapter.4}{\376\377\000M\000a\000t\000e\000r\000i\000a\000l\000e\000s\000\040\000y\000\040\000m\000\351\000t\000o\000d\000o\000s}{}% 44
\BOOKMARK [1][-]{section.4.1}{\376\377\000M\000a\000t\000e\000r\000i\000a\000l\000e\000s}{chapter.4}% 45
\BOOKMARK [2][-]{subsection.4.1.1}{\376\377\000D\000a\000t\000o\000s}{section.4.1}% 46
\BOOKMARK [2][-]{subsection.4.1.2}{\376\377\000S\000o\000f\000t\000w\000a\000r\000e}{section.4.1}% 47
\BOOKMARK [2][-]{subsection.4.1.3}{\376\377\000H\000a\000r\000d\000w\000a\000r\000e}{section.4.1}% 48
\BOOKMARK [1][-]{section.4.2}{\376\377\000M\000e\000t\000o\000d\000o\000l\000o\000g\000\355\000a}{chapter.4}% 49
\BOOKMARK [2][-]{subsection.4.2.1}{\376\377\000C\000R\000I\000S\000P\000-\000M\000L\000\050\000Q\000\051}{section.4.2}% 50
\BOOKMARK [2][-]{subsection.4.2.2}{\376\377\000S\000c\000r\000u\000m}{section.4.2}% 51
\BOOKMARK [2][-]{subsection.4.2.3}{\376\377\000I\000n\000t\000e\000g\000r\000a\000c\000i\000\363\000n\000\040\000d\000e\000\040\000C\000R\000I\000S\000P\000-\000M\000L\000\050\000Q\000\051\000\040\000y\000\040\000S\000c\000r\000u\000m}{section.4.2}% 52
\BOOKMARK [2][-]{subsection.4.2.4}{\376\377\000P\000r\000o\000d\000u\000c\000t\000\040\000B\000a\000c\000k\000l\000o\000g\000\040\000\050\000P\000i\000l\000a\000\040\000d\000e\000\040\000p\000r\000o\000d\000u\000c\000t\000o\000\051}{section.4.2}% 53
\BOOKMARK [2][-]{subsection.4.2.5}{\376\377\000P\000l\000a\000n\000i\000f\000i\000c\000a\000c\000i\000\363\000n\000\040\000d\000e\000l\000\040\000T\000F\000M}{section.4.2}% 54
\BOOKMARK [1][-]{section.4.3}{\376\377\000U\000M\000L}{chapter.4}% 55
\BOOKMARK [2][-]{subsection.4.3.1}{\376\377\000A\000n\000\341\000l\000i\000s\000i\000s\000\040\000d\000e\000l\000\040\000s\000i\000s\000t\000e\000m\000a}{section.4.3}% 56
\BOOKMARK [2][-]{subsection.4.3.2}{\376\377\000E\000s\000p\000e\000c\000i\000f\000i\000c\000a\000c\000i\000\363\000n\000\040\000d\000e\000l\000\040\000m\000o\000d\000e\000l\000o\000\040\000d\000e\000\040\000c\000l\000a\000s\000e\000s}{section.4.3}% 57
\BOOKMARK [2][-]{subsection.4.3.3}{\376\377\000D\000i\000a\000g\000r\000a\000m\000a\000s\000\040\000d\000e\000\040\000S\000e\000c\000u\000e\000n\000c\000i\000a}{section.4.3}% 58
\BOOKMARK [2][-]{subsection.4.3.4}{\376\377\000E\000s\000p\000e\000c\000i\000f\000i\000c\000a\000c\000i\000\363\000n\000\040\000d\000e\000\040\000R\000e\000q\000u\000i\000s\000i\000t\000o\000s\000\040\000d\000e\000\040\000l\000a\000\040\000I\000n\000t\000e\000r\000f\000a\000z}{section.4.3}% 59
\BOOKMARK [2][-]{subsection.4.3.5}{\376\377\000D\000i\000s\000e\000\361\000o\000\040\000d\000e\000\040\000c\000l\000a\000s\000e\000s}{section.4.3}% 60
\BOOKMARK [2][-]{subsection.4.3.6}{\376\377\000D\000i\000a\000g\000r\000a\000m\000a\000\040\000d\000e\000\040\000P\000a\000q\000u\000e\000t\000e\000s}{section.4.3}% 61
\BOOKMARK [2][-]{subsection.4.3.7}{\376\377\000D\000i\000s\000e\000\361\000o\000\040\000d\000e\000\040\000l\000a\000\040\000i\000n\000t\000e\000r\000f\000a\000z}{section.4.3}% 62
\BOOKMARK [0][-]{chapter.5}{\376\377\000R\000e\000s\000u\000l\000t\000a\000d\000o\000s\000\040\000y\000\040\000A\000n\000\341\000l\000i\000s\000i\000s}{}% 63
\BOOKMARK [1][-]{section.5.1}{\376\377\000A\000n\000\341\000l\000i\000s\000i\000s\000\040\000E\000x\000p\000l\000o\000r\000a\000t\000o\000r\000i\000o\000\040\000d\000e\000\040\000D\000a\000t\000o\000s\000\040\000\050\000E\000D\000A\000\051}{chapter.5}% 64
\BOOKMARK [2][-]{subsection.5.1.1}{\376\377\000D\000i\000s\000t\000r\000i\000b\000u\000c\000i\000\363\000n\000\040\000d\000e\000\040\000l\000o\000s\000\040\000d\000a\000t\000o\000s}{section.5.1}% 65
\BOOKMARK [2][-]{subsection.5.1.2}{\376\377\000D\000i\000s\000t\000r\000i\000b\000u\000c\000i\000\363\000n\000\040\000d\000e\000\040\000g\000\351\000n\000e\000r\000o\000s}{section.5.1}% 66
\BOOKMARK [1][-]{section.5.2}{\376\377\000E\000v\000a\000l\000u\000a\000c\000i\000\363\000n}{chapter.5}% 67
\BOOKMARK [2][-]{subsection.5.2.1}{\376\377\000M\000o\000d\000e\000l\000o\000s\000\040\000e\000v\000a\000l\000u\000a\000d\000o\000s}{section.5.2}% 68
\BOOKMARK [2][-]{subsection.5.2.2}{\376\377\000M\000\351\000t\000r\000i\000c\000a\000s\000\040\000d\000e\000\040\000e\000v\000a\000l\000u\000a\000c\000i\000\363\000n}{section.5.2}% 69
\BOOKMARK [2][-]{subsection.5.2.3}{\376\377\000R\000e\000g\000i\000s\000t\000r\000o\000\040\000y\000\040\000e\000v\000o\000l\000u\000c\000i\000\363\000n\000\040\000d\000e\000\040\000p\000\351\000r\000d\000i\000d\000a\000s}{section.5.2}% 70
\BOOKMARK [2][-]{subsection.5.2.4}{\376\377\000M\000o\000d\000e\000l\000o\000s\000\040\000e\000v\000a\000l\000u\000a\000d\000o\000s}{section.5.2}% 71
\BOOKMARK [2][-]{subsection.5.2.5}{\376\377\000R\000e\000s\000u\000l\000t\000a\000d\000o\000s}{section.5.2}% 72
\BOOKMARK [2][-]{subsection.5.2.6}{\376\377\000T\000e\000s\000t}{section.5.2}% 73
\BOOKMARK [0][-]{appendix.Alph1}{\376\377\000L\000i\000s\000t\000a\000\040\000d\000e\000\040\000l\000i\000b\000r\000e\000r\000\355\000a\000s\000\040\000y\000\040\000v\000e\000r\000s\000i\000o\000n\000e\000s}{}% 74
\BOOKMARK [0][-]{appendix*.98}{\376\377\000B\000i\000b\000l\000i\000o\000g\000r\000a\000f\000\355\000a}{}% 75
